android/app/build/outputs/logs/manifest-merger-debug-report.txt
-- Merging decision tree log ---
manifest
ADDED from src\main\AndroidManifest.xml:1:1-70:12
INJECTED from src\main\AndroidManifest.xml:1:1-70:12
INJECTED from src\main\AndroidManifest.xml:1:1-70:12
INJECTED from src\main\AndroidManifest.xml:1:1-70:12
MERGED from src\main\AndroidManifest.xml:1:1-70:12
MERGED from [:flutter_email_sender] AndroidManifest.xml:2:1-19:12
MERGED from [:geolocator_android] AndroidManifest.xml:2:1-7:12
MERGED from [:flutter_inappwebview] AndroidManifest.xml:2:1-48:12
MERGED from [:geocoding] AndroidManifest.xml:2:1-7:12
MERGED from [:sqflite] AndroidManifest.xml:2:1-7:12
MERGED from [:url_launcher_android] AndroidManifest.xml:2:1-14:12
MERGED from [:path_provider_android] AndroidManifest.xml:2:1-7:12
MERGED from [:advance_pdf_viewer] AndroidManifest.xml:2:1-7:12
MERGED from [:flutter_phone_direct_caller] AndroidManifest.xml:2:1-15:12
MERGED from [androidx.window:window-java:1.0.0-beta04] AndroidManifest.xml:17:1-23:12
MERGED from [androidx.window:window:1.0.0-beta04] AndroidManifest.xml:17:1-33:12
MERGED from [androidx.appcompat:appcompat:1.4.1] AndroidManifest.xml:17:1-24:12
MERGED from [com.google.android.gms:play-services-location:17.0.0] AndroidManifest.xml:2:1-9:12
MERGED from [androidx.webkit:webkit:1.4.0] AndroidManifest.xml:17:1-24:12
MERGED from [androidx.browser:browser:1.4.0] AndroidManifest.xml:17:1-24:12
MERGED from [androidx.swiperefreshlayout:swiperefreshlayout:1.1.0] AndroidManifest.xml:17:1-24:12
MERGED from [com.google.android.gms:play-services-base:17.0.0] AndroidManifest.xml:17:1-29:12
MERGED from [com.google.android.gms:play-services-places-placereport:17.0.0] AndroidManifest.xml:17:1-24:12
MERGED from [com.google.android.gms:play-services-tasks:17.0.0] AndroidManifest.xml:2:1-9:12
MERGED from [com.google.android.gms:play-services-basement:17.0.0] AndroidManifest.xml:17:1-28:12
MERGED from [androidx.fragment:fragment:1.3.6] AndroidManifest.xml:17:1-24:12
MERGED from [androidx.activity:activity:1.2.4] AndroidManifest.xml:17:1-24:12
MERGED from [androidx.appcompat:appcompat-resources:1.4.1] AndroidManifest.xml:17:1-24:12
MERGED from [androidx.drawerlayout:drawerlayout:1.0.0] AndroidManifest.xml:17:1-22:12
MERGED from [androidx.emoji2:emoji2-views-helper:1.0.0] AndroidManifest.xml:17:1-24:12
MERGED from [androidx.emoji2:emoji2:1.0.0] AndroidManifest.xml:17:1-37:12
MERGED from [androidx.viewpager:viewpager:1.0.0] AndroidManifest.xml:17:1-22:12
MERGED from [androidx.loader:loader:1.0.0] AndroidManifest.xml:17:1-22:12
MERGED from [androidx.vectordrawable:vectordrawable-animated:1.1.0] AndroidManifest.xml:17:1-24:12
MERGED from [androidx.vectordrawable:vectordrawable:1.1.0] AndroidManifest.xml:17:1-24:12
MERGED from [androidx.customview:customview:1.0.0] AndroidManifest.xml:17:1-22:12
MERGED from [androidx.core:core:1.7.0] AndroidManifest.xml:17:1-26:12
MERGED from [androidx.cursoradapter:cursoradapter:1.0.0] AndroidManifest.xml:17:1-22:12
MERGED from [androidx.lifecycle:lifecycle-viewmodel-savedstate:2.3.1] AndroidManifest.xml:17:1-24:12
MERGED from [androidx.savedstate:savedstate:1.1.0] AndroidManifest.xml:17:1-24:12
MERGED from [androidx.lifecycle:lifecycle-viewmodel:2.3.1] AndroidManifest.xml:17:1-24:12
MERGED from [androidx.lifecycle:lifecycle-process:2.4.0] AndroidManifest.xml:17:1-37:12
MERGED from [androidx.startup:startup-runtime:1.0.0] AndroidManifest.xml:17:1-33:12
MERGED from [androidx.tracing:tracing:1.0.0] AndroidManifest.xml:17:1-24:12
MERGED from [androidx.versionedparcelable:versionedparcelable:1.1.1] AndroidManifest.xml:17:1-27:12
MERGED from [androidx.interpolator:interpolator:1.0.0] AndroidManifest.xml:17:1-22:12
MERGED from [androidx.lifecycle:lifecycle-livedata:2.0.0] AndroidManifest.xml:17:1-22:12
MERGED from [androidx.lifecycle:lifecycle-livedata-core:2.3.1] AndroidManifest.xml:17:1-24:12
MERGED from [androidx.lifecycle:lifecycle-runtime:2.4.0] AndroidManifest.xml:17:1-24:12
MERGED from [androidx.arch.core:core-runtime:2.1.0] AndroidManifest.xml:17:1-24:12
MERGED from [androidx.annotation:annotation-experimental:1.1.0] AndroidManifest.xml:17:1-24:12
INJECTED from src\debug\AndroidManifest.xml:1:1-7:12
INJECTED from src\debug\AndroidManifest.xml:1:1-7:12
INJECTED from src\debug\AndroidManifest.xml:1:1-7:12
	package
		ADDED from src\main\AndroidManifest.xml:2:5-40
		INJECTED from src\main\AndroidManifest.xml
		INJECTED from src\debug\AndroidManifest.xml
	android:versionName
		INJECTED from src\main\AndroidManifest.xml
		ADDED from src\main\AndroidManifest.xml:1:1-70:12
		INJECTED from src\debug\AndroidManifest.xml
	android:versionCode
		INJECTED from src\main\AndroidManifest.xml
		ADDED from src\main\AndroidManifest.xml:1:1-70:12
		INJECTED from src\debug\AndroidManifest.xml
	xmlns:android
		ADDED from src\main\AndroidManifest.xml:1:11-69
queries
ADDED from src\main\AndroidManifest.xml:3:5-28:15
MERGED from [:flutter_inappwebview] AndroidManifest.xml:7:5-11:15
MERGED from [:flutter_inappwebview] AndroidManifest.xml:7:5-11:15
intent#action:name:android.intent.action.VIEW+data:scheme:https
ADDED from src\main\AndroidManifest.xml:5:9-8:18
action#android.intent.action.VIEW
ADDED from src\main\AndroidManifest.xml:6:13-65
	android:name
		ADDED from src\main\AndroidManifest.xml:6:21-62
data
ADDED from src\main\AndroidManifest.xml:7:13-44
	android:scheme
		ADDED from src\main\AndroidManifest.xml:7:19-41
intent#action:name:android.intent.action.DIAL+data:scheme:tel
ADDED from src\main\AndroidManifest.xml:10:9-13:18
action#android.intent.action.DIAL
ADDED from src\main\AndroidManifest.xml:11:13-65
	android:name
		ADDED from src\main\AndroidManifest.xml:11:21-62
intent#action:name:android.intent.action.SENDTO+data:scheme:smsto
ADDED from src\main\AndroidManifest.xml:15:9-18:18
action#android.intent.action.SENDTO
ADDED from src\main\AndroidManifest.xml:16:13-67
	android:name
		ADDED from src\main\AndroidManifest.xml:16:21-64
intent#action:name:android.intent.action.SEND+data:mimeType:*/*
ADDED from src\main\AndroidManifest.xml:20:9-23:18
action#android.intent.action.SEND
ADDED from src\main\AndroidManifest.xml:21:13-65
	android:name
		ADDED from src\main\AndroidManifest.xml:21:21-62
intent#action:name:android.intent.action.SENDTO+data:scheme:mailto
ADDED from src\main\AndroidManifest.xml:24:9-27:18
uses-permission#android.permission.ACCESS_FINE_LOCATION
ADDED from src\main\AndroidManifest.xml:29:5-79
	android:name
		ADDED from src\main\AndroidManifest.xml:29:22-76
uses-permission#android.permission.ACCESS_COARSE_LOCATION
ADDED from src\main\AndroidManifest.xml:30:5-81
	android:name
		ADDED from src\main\AndroidManifest.xml:30:22-78
application
ADDED from src\main\AndroidManifest.xml:32:5-69:19
MERGED from [:flutter_email_sender] AndroidManifest.xml:7:5-17:19
MERGED from [:flutter_email_sender] AndroidManifest.xml:7:5-17:19
MERGED from [:flutter_inappwebview] AndroidManifest.xml:13:5-46:19
MERGED from [:flutter_inappwebview] AndroidManifest.xml:13:5-46:19
MERGED from [:url_launcher_android] AndroidManifest.xml:7:5-12:19
MERGED from [:url_launcher_android] AndroidManifest.xml:7:5-12:19
MERGED from [androidx.window:window:1.0.0-beta04] AndroidManifest.xml:24:5-31:19
MERGED from [androidx.window:window:1.0.0-beta04] AndroidManifest.xml:24:5-31:19
MERGED from [com.google.android.gms:play-services-location:17.0.0] AndroidManifest.xml:7:5-20
MERGED from [com.google.android.gms:play-services-location:17.0.0] AndroidManifest.xml:7:5-20
MERGED from [com.google.android.gms:play-services-base:17.0.0] AndroidManifest.xml:22:5-27:19
MERGED from [com.google.android.gms:play-services-base:17.0.0] AndroidManifest.xml:22:5-27:19
MERGED from [com.google.android.gms:play-services-places-placereport:17.0.0] AndroidManifest.xml:22:5-20
MERGED from [com.google.android.gms:play-services-places-placereport:17.0.0] AndroidManifest.xml:22:5-20
MERGED from [com.google.android.gms:play-services-tasks:17.0.0] AndroidManifest.xml:7:5-20
MERGED from [com.google.android.gms:play-services-tasks:17.0.0] AndroidManifest.xml:7:5-20
MERGED from [com.google.android.gms:play-services-basement:17.0.0] AndroidManifest.xml:22:5-26:19
MERGED from [com.google.android.gms:play-services-basement:17.0.0] AndroidManifest.xml:22:5-26:19
MERGED from [androidx.emoji2:emoji2:1.0.0] AndroidManifest.xml:25:5-35:19
MERGED from [androidx.emoji2:emoji2:1.0.0] AndroidManifest.xml:25:5-35:19
MERGED from [androidx.core:core:1.7.0] AndroidManifest.xml:24:5-89
MERGED from [androidx.core:core:1.7.0] AndroidManifest.xml:24:5-89
MERGED from [androidx.lifecycle:lifecycle-process:2.4.0] AndroidManifest.xml:25:5-35:19
MERGED from [androidx.lifecycle:lifecycle-process:2.4.0] AndroidManifest.xml:25:5-35:19
MERGED from [androidx.startup:startup-runtime:1.0.0] AndroidManifest.xml:25:5-31:19
MERGED from [androidx.startup:startup-runtime:1.0.0] AndroidManifest.xml:25:5-31:19
MERGED from [androidx.versionedparcelable:versionedparcelable:1.1.1] AndroidManifest.xml:24:5-25:19
MERGED from [androidx.versionedparcelable:versionedparcelable:1.1.1] AndroidManifest.xml:24:5-25:19
	android:appComponentFactory
		ADDED from [androidx.core:core:1.7.0] AndroidManifest.xml:24:18-86
	android:label
		ADDED from src\main\AndroidManifest.xml:33:9-33
	android:icon
		ADDED from src\main\AndroidManifest.xml:34:9-43
activity#com.example.discoverworld.MainActivity
ADDED from src\main\AndroidManifest.xml:35:9-63:20
	android:launchMode
		ADDED from src\main\AndroidManifest.xml:37:13-43
	android:hardwareAccelerated
		ADDED from src\main\AndroidManifest.xml:40:13-47
	android:windowSoftInputMode
		ADDED from src\main\AndroidManifest.xml:41:13-55
	android:configChanges
		ADDED from src\main\AndroidManifest.xml:39:13-163
	android:theme
		ADDED from src\main\AndroidManifest.xml:38:13-47
	android:name
		ADDED from src\main\AndroidManifest.xml:36:13-41
meta-data#io.flutter.embedding.android.NormalTheme
ADDED from src\main\AndroidManifest.xml:46:13-49:17
	android:resource
		ADDED from src\main\AndroidManifest.xml:48:15-52
	android:name
		ADDED from src\main\AndroidManifest.xml:47:15-70
meta-data#io.flutter.embedding.android.SplashScreenDrawable
ADDED from src\main\AndroidManifest.xml:55:13-58:17
	android:resource
		ADDED from src\main\AndroidManifest.xml:57:15-61
	android:name
		ADDED from src\main\AndroidManifest.xml:56:15-79
intent-filter#action:name:android.intent.action.MAIN+category:name:android.intent.category.LAUNCHER
ADDED from src\main\AndroidManifest.xml:59:13-62:29
action#android.intent.action.MAIN
ADDED from src\main\AndroidManifest.xml:60:17-68
	android:name
		ADDED from src\main\AndroidManifest.xml:60:25-66
category#android.intent.category.LAUNCHER
ADDED from src\main\AndroidManifest.xml:61:17-76
	android:name
		ADDED from src\main\AndroidManifest.xml:61:27-74
meta-data#flutterEmbedding
ADDED from src\main\AndroidManifest.xml:66:9-68:33
	android:value
		ADDED from src\main\AndroidManifest.xml:68:13-30
	android:name
		ADDED from src\main\AndroidManifest.xml:67:13-44
uses-sdk
INJECTED from src\main\AndroidManifest.xml reason: use-sdk injection requested
INJECTED from src\main\AndroidManifest.xml
INJECTED from src\main\AndroidManifest.xml
MERGED from [:flutter_email_sender] AndroidManifest.xml:5:5-44
MERGED from [:flutter_email_sender] AndroidManifest.xml:5:5-44
MERGED from [:geolocator_android] AndroidManifest.xml:5:5-44
MERGED from [:geolocator_android] AndroidManifest.xml:5:5-44
MERGED from [:flutter_inappwebview] AndroidManifest.xml:5:5-44
MERGED from [:flutter_inappwebview] AndroidManifest.xml:5:5-44
MERGED from [:geocoding] AndroidManifest.xml:5:5-44
MERGED from [:geocoding] AndroidManifest.xml:5:5-44
MERGED from [:sqflite] AndroidManifest.xml:5:5-44
MERGED from [:sqflite] AndroidManifest.xml:5:5-44
MERGED from [:url_launcher_android] AndroidManifest.xml:5:5-44
MERGED from [:url_launcher_android] AndroidManifest.xml:5:5-44
MERGED from [:path_provider_android] AndroidManifest.xml:5:5-44
MERGED from [:path_provider_android] AndroidManifest.xml:5:5-44
MERGED from [:advance_pdf_viewer] AndroidManifest.xml:5:5-44
MERGED from [:advance_pdf_viewer] AndroidManifest.xml:5:5-44
MERGED from [:flutter_phone_direct_caller] AndroidManifest.xml:5:5-7:41
MERGED from [:flutter_phone_direct_caller] AndroidManifest.xml:5:5-7:41
MERGED from [androidx.window:window-java:1.0.0-beta04] AndroidManifest.xml:19:5-21:41
MERGED from [androidx.window:window-java:1.0.0-beta04] AndroidManifest.xml:19:5-21:41
MERGED from [androidx.window:window:1.0.0-beta04] AndroidManifest.xml:20:5-22:41
MERGED from [androidx.window:window:1.0.0-beta04] AndroidManifest.xml:20:5-22:41
MERGED from [androidx.appcompat:appcompat:1.4.1] AndroidManifest.xml:20:5-22:41
MERGED from [androidx.appcompat:appcompat:1.4.1] AndroidManifest.xml:20:5-22:41
MERGED from [com.google.android.gms:play-services-location:17.0.0] AndroidManifest.xml:5:5-44
MERGED from [com.google.android.gms:play-services-location:17.0.0] AndroidManifest.xml:5:5-44
MERGED from [androidx.webkit:webkit:1.4.0] AndroidManifest.xml:20:5-22:41
MERGED from [androidx.webkit:webkit:1.4.0] AndroidManifest.xml:20:5-22:41
MERGED from [androidx.browser:browser:1.4.0] AndroidManifest.xml:20:5-22:41
MERGED from [androidx.browser:browser:1.4.0] AndroidManifest.xml:20:5-22:41
MERGED from [androidx.swiperefreshlayout:swiperefreshlayout:1.1.0] AndroidManifest.xml:20:5-22:41
MERGED from [androidx.swiperefreshlayout:swiperefreshlayout:1.1.0] AndroidManifest.xml:20:5-22:41
MERGED from [com.google.android.gms:play-services-base:17.0.0] AndroidManifest.xml:20:5-44
MERGED from [com.google.android.gms:play-services-base:17.0.0] AndroidManifest.xml:20:5-44
MERGED from [com.google.android.gms:play-services-places-placereport:17.0.0] AndroidManifest.xml:20:5-44
MERGED from [com.google.android.gms:play-services-places-placereport:17.0.0] AndroidManifest.xml:20:5-44
MERGED from [com.google.android.gms:play-services-tasks:17.0.0] AndroidManifest.xml:5:5-44
MERGED from [com.google.android.gms:play-services-tasks:17.0.0] AndroidManifest.xml:5:5-44
MERGED from [com.google.android.gms:play-services-basement:17.0.0] AndroidManifest.xml:20:5-44
MERGED from [com.google.android.gms:play-services-basement:17.0.0] AndroidManifest.xml:20:5-44
MERGED from [androidx.fragment:fragment:1.3.6] AndroidManifest.xml:20:5-22:41
MERGED from [androidx.fragment:fragment:1.3.6] AndroidManifest.xml:20:5-22:41
MERGED from [androidx.activity:activity:1.2.4] AndroidManifest.xml:20:5-22:41
MERGED from [androidx.activity:activity:1.2.4] AndroidManifest.xml:20:5-22:41
MERGED from [androidx.appcompat:appcompat-resources:1.4.1] AndroidManifest.xml:20:5-22:41
MERGED from [androidx.appcompat:appcompat-resources:1.4.1] AndroidManifest.xml:20:5-22:41
MERGED from [androidx.drawerlayout:drawerlayout:1.0.0] AndroidManifest.xml:20:5-44
MERGED from [androidx.drawerlayout:drawerlayout:1.0.0] AndroidManifest.xml:20:5-44
MERGED from [androidx.emoji2:emoji2-views-helper:1.0.0] AndroidManifest.xml:20:5-22:41
MERGED from [androidx.emoji2:emoji2-views-helper:1.0.0] AndroidManifest.xml:20:5-22:41
MERGED from [androidx.emoji2:emoji2:1.0.0] AndroidManifest.xml:21:5-23:41
MERGED from [androidx.emoji2:emoji2:1.0.0] AndroidManifest.xml:21:5-23:41
MERGED from [androidx.viewpager:viewpager:1.0.0] AndroidManifest.xml:20:5-44
MERGED from [androidx.viewpager:viewpager:1.0.0] AndroidManifest.xml:20:5-44
MERGED from [androidx.loader:loader:1.0.0] AndroidManifest.xml:20:5-44
MERGED from [androidx.loader:loader:1.0.0] AndroidManifest.xml:20:5-44
MERGED from [androidx.vectordrawable:vectordrawable-animated:1.1.0] AndroidManifest.xml:20:5-22:41
MERGED from [androidx.vectordrawable:vectordrawable-animated:1.1.0] AndroidManifest.xml:20:5-22:41
MERGED from [androidx.vectordrawable:vectordrawable:1.1.0] AndroidManifest.xml:20:5-22:41
MERGED from [androidx.vectordrawable:vectordrawable:1.1.0] AndroidManifest.xml:20:5-22:41
MERGED from [androidx.customview:customview:1.0.0] AndroidManifest.xml:20:5-44
MERGED from [androidx.customview:customview:1.0.0] AndroidManifest.xml:20:5-44
MERGED from [androidx.core:core:1.7.0] AndroidManifest.xml:20:5-22:41
MERGED from [androidx.core:core:1.7.0] AndroidManifest.xml:20:5-22:41
MERGED from [androidx.cursoradapter:cursoradapter:1.0.0] AndroidManifest.xml:20:5-44
MERGED from [androidx.cursoradapter:cursoradapter:1.0.0] AndroidManifest.xml:20:5-44
MERGED from [androidx.lifecycle:lifecycle-viewmodel-savedstate:2.3.1] AndroidManifest.xml:20:5-22:41
MERGED from [androidx.lifecycle:lifecycle-viewmodel-savedstate:2.3.1] AndroidManifest.xml:20:5-22:41
MERGED from [androidx.savedstate:savedstate:1.1.0] AndroidManifest.xml:20:5-22:41
MERGED from [androidx.savedstate:savedstate:1.1.0] AndroidManifest.xml:20:5-22:41
MERGED from [androidx.lifecycle:lifecycle-viewmodel:2.3.1] AndroidManifest.xml:20:5-22:41
MERGED from [androidx.lifecycle:lifecycle-viewmodel:2.3.1] AndroidManifest.xml:20:5-22:41
MERGED from [androidx.lifecycle:lifecycle-process:2.4.0] AndroidManifest.xml:21:5-23:41
MERGED from [androidx.lifecycle:lifecycle-process:2.4.0] AndroidManifest.xml:21:5-23:41
MERGED from [androidx.startup:startup-runtime:1.0.0] AndroidManifest.xml:21:5-23:41
MERGED from [androidx.startup:startup-runtime:1.0.0] AndroidManifest.xml:21:5-23:41
MERGED from [androidx.tracing:tracing:1.0.0] AndroidManifest.xml:20:5-22:41
MERGED from [androidx.tracing:tracing:1.0.0] AndroidManifest.xml:20:5-22:41
MERGED from [androidx.versionedparcelable:versionedparcelable:1.1.1] AndroidManifest.xml:20:5-22:41
MERGED from [androidx.versionedparcelable:versionedparcelable:1.1.1] AndroidManifest.xml:20:5-22:41
MERGED from [androidx.interpolator:interpolator:1.0.0] AndroidManifest.xml:20:5-44
MERGED from [androidx.interpolator:interpolator:1.0.0] AndroidManifest.xml:20:5-44
MERGED from [androidx.lifecycle:lifecycle-livedata:2.0.0] AndroidManifest.xml:20:5-44
MERGED from [androidx.lifecycle:lifecycle-livedata:2.0.0] AndroidManifest.xml:20:5-44
MERGED from [androidx.lifecycle:lifecycle-livedata-core:2.3.1] AndroidManifest.xml:20:5-22:41
MERGED from [androidx.lifecycle:lifecycle-livedata-core:2.3.1] AndroidManifest.xml:20:5-22:41
MERGED from [androidx.lifecycle:lifecycle-runtime:2.4.0] AndroidManifest.xml:20:5-22:41
MERGED from [androidx.lifecycle:lifecycle-runtime:2.4.0] AndroidManifest.xml:20:5-22:41
MERGED from [androidx.arch.core:core-runtime:2.1.0] AndroidManifest.xml:20:5-22:41
MERGED from [androidx.arch.core:core-runtime:2.1.0] AndroidManifest.xml:20:5-22:41
MERGED from [androidx.annotation:annotation-experimental:1.1.0] AndroidManifest.xml:20:5-22:41
MERGED from [androidx.annotation:annotation-experimental:1.1.0] AndroidManifest.xml:20:5-22:41
INJECTED from src\debug\AndroidManifest.xml
INJECTED from src\debug\AndroidManifest.xml
	android:targetSdkVersion
		INJECTED from src\main\AndroidManifest.xml
		INJECTED from src\debug\AndroidManifest.xml
	android:minSdkVersion
		INJECTED from src\main\AndroidManifest.xml
		INJECTED from src\debug\AndroidManifest.xml
uses-permission#android.permission.INTERNET
ADDED from src\debug\AndroidManifest.xml:6:5-66
	android:name
		ADDED from src\debug\AndroidManifest.xml:6:22-64
provider#com.sidlatau.flutteremailsender.FlutterEmailSenderFileProvider
ADDED from [:flutter_email_sender] AndroidManifest.xml:8:9-16:20
	android:grantUriPermissions
		ADDED from [:flutter_email_sender] AndroidManifest.xml:12:13-47
	android:authorities
		ADDED from [:flutter_email_sender] AndroidManifest.xml:10:13-65
	android:exported
		ADDED from [:flutter_email_sender] AndroidManifest.xml:11:13-37
	android:name
		ADDED from [:flutter_email_sender] AndroidManifest.xml:9:13-90
meta-data#android.support.FILE_PROVIDER_PATHS
ADDED from [:flutter_email_sender] AndroidManifest.xml:13:13-15:61
	android:resource
		ADDED from [:flutter_email_sender] AndroidManifest.xml:15:17-58
	android:name
		ADDED from [:flutter_email_sender] AndroidManifest.xml:14:17-67
intent#action:name:android.support.customtabs.action.CustomTabsService
ADDED from [:flutter_inappwebview] AndroidManifest.xml:8:9-10:18
action#android.support.customtabs.action.CustomTabsService
ADDED from [:flutter_inappwebview] AndroidManifest.xml:9:13-90
	android:name
		ADDED from [:flutter_inappwebview] AndroidManifest.xml:9:21-87
activity#com.pichillilorenzo.flutter_inappwebview.in_app_browser.InAppBrowserActivity
ADDED from [:flutter_inappwebview] AndroidManifest.xml:14:9-18:47
	android:exported
		ADDED from [:flutter_inappwebview] AndroidManifest.xml:17:13-36
	android:configChanges
		ADDED from [:flutter_inappwebview] AndroidManifest.xml:16:13-137
	android:theme
		ADDED from [:flutter_inappwebview] AndroidManifest.xml:18:13-44
	android:name
		ADDED from [:flutter_inappwebview] AndroidManifest.xml:15:13-104
activity#com.pichillilorenzo.flutter_inappwebview.chrome_custom_tabs.ChromeCustomTabsActivity
ADDED from [:flutter_inappwebview] AndroidManifest.xml:19:9-22:55
	android:exported
		ADDED from [:flutter_inappwebview] AndroidManifest.xml:21:13-36
	android:theme
		ADDED from [:flutter_inappwebview] AndroidManifest.xml:22:13-52
	android:name
		ADDED from [:flutter_inappwebview] AndroidManifest.xml:20:13-112
activity#com.pichillilorenzo.flutter_inappwebview.chrome_custom_tabs.TrustedWebActivity
ADDED from [:flutter_inappwebview] AndroidManifest.xml:23:9-26:55
	android:exported
		ADDED from [:flutter_inappwebview] AndroidManifest.xml:25:13-36
	android:theme
		ADDED from [:flutter_inappwebview] AndroidManifest.xml:26:13-52
	android:name
		ADDED from [:flutter_inappwebview] AndroidManifest.xml:24:13-106
activity#com.pichillilorenzo.flutter_inappwebview.chrome_custom_tabs.ChromeCustomTabsActivitySingleInstance
ADDED from [:flutter_inappwebview] AndroidManifest.xml:27:9-31:55
	android:launchMode
		ADDED from [:flutter_inappwebview] AndroidManifest.xml:30:13-48
	android:exported
		ADDED from [:flutter_inappwebview] AndroidManifest.xml:29:13-36
	android:theme
		ADDED from [:flutter_inappwebview] AndroidManifest.xml:31:13-52
	android:name
		ADDED from [:flutter_inappwebview] AndroidManifest.xml:28:13-126
activity#com.pichillilorenzo.flutter_inappwebview.chrome_custom_tabs.TrustedWebActivitySingleInstance
ADDED from [:flutter_inappwebview] AndroidManifest.xml:32:9-36:55
	android:launchMode
		ADDED from [:flutter_inappwebview] AndroidManifest.xml:35:13-48
	android:exported
		ADDED from [:flutter_inappwebview] AndroidManifest.xml:34:13-36
	android:theme
		ADDED from [:flutter_inappwebview] AndroidManifest.xml:36:13-52
	android:name
		ADDED from [:flutter_inappwebview] AndroidManifest.xml:33:13-120
receiver#com.pichillilorenzo.flutter_inappwebview.chrome_custom_tabs.ActionBroadcastReceiver
ADDED from [:flutter_inappwebview] AndroidManifest.xml:38:9-41:40
	android:enabled
		ADDED from [:flutter_inappwebview] AndroidManifest.xml:40:13-35
	android:exported
		ADDED from [:flutter_inappwebview] AndroidManifest.xml:41:13-37
	android:name
		ADDED from [:flutter_inappwebview] AndroidManifest.xml:39:13-111
meta-data#io.flutter.embedded_views_preview
ADDED from [:flutter_inappwebview] AndroidManifest.xml:43:9-45:36
	android:value
		ADDED from [:flutter_inappwebview] AndroidManifest.xml:45:13-33
	android:name
		ADDED from [:flutter_inappwebview] AndroidManifest.xml:44:13-61
activity#io.flutter.plugins.urllauncher.WebViewActivity
ADDED from [:url_launcher_android] AndroidManifest.xml:8:9-11:74
	android:exported
		ADDED from [:url_launcher_android] AndroidManifest.xml:10:13-37
	android:theme
		ADDED from [:url_launcher_android] AndroidManifest.xml:11:13-71
	android:name
		ADDED from [:url_launcher_android] AndroidManifest.xml:9:13-74
uses-permission#android.permission.CALL_PHONE
ADDED from [:flutter_phone_direct_caller] AndroidManifest.xml:9:5-69
	android:name
		ADDED from [:flutter_phone_direct_caller] AndroidManifest.xml:9:22-66
uses-feature#android.hardware.telephony
ADDED from [:flutter_phone_direct_caller] AndroidManifest.xml:11:5-13:36
	android:required
		ADDED from [:flutter_phone_direct_caller] AndroidManifest.xml:13:9-33
	android:name
		ADDED from [:flutter_phone_direct_caller] AndroidManifest.xml:12:9-50
uses-library#androidx.window.extensions
ADDED from [androidx.window:window:1.0.0-beta04] AndroidManifest.xml:25:9-27:40
	android:required
		ADDED from [androidx.window:window:1.0.0-beta04] AndroidManifest.xml:27:13-37
	android:name
		ADDED from [androidx.window:window:1.0.0-beta04] AndroidManifest.xml:26:13-54
uses-library#androidx.window.sidecar
ADDED from [androidx.window:window:1.0.0-beta04] AndroidManifest.xml:28:9-30:40
	android:required
		ADDED from [androidx.window:window:1.0.0-beta04] AndroidManifest.xml:30:13-37
	android:name
		ADDED from [androidx.window:window:1.0.0-beta04] AndroidManifest.xml:29:13-51
activity#com.google.android.gms.common.api.GoogleApiActivity
ADDED from [com.google.android.gms:play-services-base:17.0.0] AndroidManifest.xml:23:9-26:75
	android:exported
		ADDED from [com.google.android.gms:play-services-base:17.0.0] AndroidManifest.xml:25:13-37
	android:theme
		ADDED from [com.google.android.gms:play-services-base:17.0.0] AndroidManifest.xml:26:13-72
	android:name
		ADDED from [com.google.android.gms:play-services-base:17.0.0] AndroidManifest.xml:24:13-79
meta-data#com.google.android.gms.version
ADDED from [com.google.android.gms:play-services-basement:17.0.0] AndroidManifest.xml:23:9-25:69
	android:value
		ADDED from [com.google.android.gms:play-services-basement:17.0.0] AndroidManifest.xml:25:13-66
	android:name
		ADDED from [com.google.android.gms:play-services-basement:17.0.0] AndroidManifest.xml:24:13-58
provider#androidx.startup.InitializationProvider
ADDED from [androidx.emoji2:emoji2:1.0.0] AndroidManifest.xml:26:9-34:20
MERGED from [androidx.lifecycle:lifecycle-process:2.4.0] AndroidManifest.xml:26:9-34:20
MERGED from [androidx.lifecycle:lifecycle-process:2.4.0] AndroidManifest.xml:26:9-34:20
MERGED from [androidx.startup:startup-runtime:1.0.0] AndroidManifest.xml:26:9-30:34
MERGED from [androidx.startup:startup-runtime:1.0.0] AndroidManifest.xml:26:9-30:34
	tools:node
		ADDED from [androidx.emoji2:emoji2:1.0.0] AndroidManifest.xml:30:13-31
	android:authorities
		ADDED from [androidx.emoji2:emoji2:1.0.0] AndroidManifest.xml:28:13-68
	android:exported
		ADDED from [androidx.emoji2:emoji2:1.0.0] AndroidManifest.xml:29:13-37
	android:name
		ADDED from [androidx.emoji2:emoji2:1.0.0] AndroidManifest.xml:27:13-67
meta-data#androidx.emoji2.text.EmojiCompatInitializer
ADDED from [androidx.emoji2:emoji2:1.0.0] AndroidManifest.xml:31:13-33:52
	android:value
		ADDED from [androidx.emoji2:emoji2:1.0.0] AndroidManifest.xml:33:17-49
	android:name
		ADDED from [androidx.emoji2:emoji2:1.0.0] AndroidManifest.xml:32:17-75
meta-data#androidx.lifecycle.ProcessLifecycleInitializer
ADDED from [androidx.lifecycle:lifecycle-process:2.4.0] AndroidManifest.xml:31:13-33:52
	android:value
		ADDED from [androidx.lifecycle:lifecycle-process:2.4.0] AndroidManifest.xml:33:17-49
	android:name
		ADDED from [androidx.lifecycle:lifecycle-process:2.4.0] AndroidManifest.xml:32:17-78